<?xml version="1.0" encoding="UTF-8"?>
<!-- Generated by org.testng.reporters.JUnitReportReporter -->
<testsuite hostname="DESKTOP-CPG5TUI" failures="0" tests="2" name="com.providio.testcases.tc__LoginSc" time="22.146" errors="0" timestamp="2023-09-26T10:36:35 IST" skipped="0">
  <testcase classname="com.providio.testcases.tc__LoginSc" name="openBrowserandClickSignInButton" time="11.474"/>
  <system-out/>
  <testcase classname="com.providio.testcases.tc__LoginSc" name="verifySuccessfulLogin" time="10.672"/>
  <system-out/>
</testsuite> <!-- com.providio.testcases.tc__LoginSc -->
