<?xml version="1.0" encoding="UTF-8"?>
<!-- Generated by org.testng.reporters.JUnitReportReporter -->
<testsuite hostname="DESKTOP-CPG5TUI" failures="0" tests="1" name="com.RegUserWith_GcAndPaypal.tc__BySearchingProduct_Reg_InGcAndPaypal" time="133.902" errors="0" timestamp="2023-09-22T11:38:40 IST" skipped="0">
  <testcase classname="com.RegUserWith_GcAndPaypal.tc__BySearchingProduct_Reg_InGcAndPaypal" name="bySearchingProduct" time="133.902"/>
  <system-out/>
</testsuite> <!-- com.RegUserWith_GcAndPaypal.tc__BySearchingProduct_Reg_InGcAndPaypal -->
