<?xml version="1.0" encoding="UTF-8"?>
<!-- Generated by org.testng.reporters.JUnitReportReporter -->
<testsuite hostname="DESKTOP-CPG5TUI" failures="0" tests="1" name="com.RegUserWith_MiniCart_Paypal.tc__BundleProductForReg_InMC_Paypal" time="84.686" errors="0" timestamp="2023-09-19T19:26:36 IST" skipped="0">
  <testcase classname="com.RegUserWith_MiniCart_Paypal.tc__BundleProductForReg_InMC_Paypal" name="bundleProduct" time="84.686"/>
  <system-out/>
</testsuite> <!-- com.RegUserWith_MiniCart_Paypal.tc__BundleProductForReg_InMC_Paypal -->
