<?xml version="1.0" encoding="UTF-8"?>
<!-- Generated by org.testng.reporters.JUnitReportReporter -->
<testsuite hostname="DESKTOP-CPG5TUI" failures="0" tests="1" name="com.providio.testcases.tc__Logout" time="14.907" errors="0" timestamp="2023-09-22T18:38:03 IST" skipped="0">
  <testcase classname="com.providio.testcases.tc__Logout" name="Logout" time="14.907"/>
  <system-out/>
</testsuite> <!-- com.providio.testcases.tc__Logout -->
