<?xml version="1.0" encoding="UTF-8"?>
<!-- Generated by org.testng.reporters.JUnitReportReporter -->
<testsuite hostname="DESKTOP-CPG5TUI" failures="0" tests="1" name="com.RegUserWith_MiniCart_Paypal.tc__Bundle_GcAndAllPromotions_Reg_InMC_Paypal" time="127.881" errors="0" timestamp="2023-09-13T20:07:32 IST" skipped="0">
  <testcase classname="com.RegUserWith_MiniCart_Paypal.tc__Bundle_GcAndAllPromotions_Reg_InMC_Paypal" name="bundle_GcAndAllPromotions" time="127.881"/>
  <system-out/>
</testsuite> <!-- com.RegUserWith_MiniCart_Paypal.tc__Bundle_GcAndAllPromotions_Reg_InMC_Paypal -->
