<?xml version="1.0" encoding="UTF-8"?>
<!-- Generated by org.testng.reporters.JUnitReportReporter -->
<testsuite hostname="DESKTOP-CPG5TUI" failures="0" tests="1" name="com.GuestUserWith_GcAndCC.tc__OrderByGC_CC_GuestUser" time="142.720" errors="0" timestamp="2023-09-26T13:48:23 IST" skipped="0">
  <testcase classname="com.GuestUserWith_GcAndCC.tc__OrderByGC_CC_GuestUser" name="paypalFromCheckoutPage" time="142.720"/>
  <system-out/>
</testsuite> <!-- com.GuestUserWith_GcAndCC.tc__OrderByGC_CC_GuestUser -->
