<?xml version="1.0" encoding="UTF-8"?>
<!-- Generated by org.testng.reporters.JUnitReportReporter -->
<testsuite hostname="DESKTOP-CPG5TUI" failures="0" tests="1" name="com.GuestUserWith_Minicart_Paypal.tc__PaypalFromLoginPageGuestUser" time="108.689" errors="0" timestamp="2023-09-14T16:17:46 IST" skipped="0">
  <testcase classname="com.GuestUserWith_Minicart_Paypal.tc__PaypalFromLoginPageGuestUser" name="PaypalFromLoginPage" time="108.689"/>
  <system-out/>
</testsuite> <!-- com.GuestUserWith_Minicart_Paypal.tc__PaypalFromLoginPageGuestUser -->
