<?xml version="1.0" encoding="UTF-8"?>
<!-- Generated by org.testng.reporters.JUnitReportReporter -->
<testsuite hostname="DESKTOP-CPG5TUI" failures="0" tests="1" name="com.GuestUserWith_Checkout_Paypal.tc__ShippingAndBillingAddressDiffer_InCheckoutPaypal" time="56.618" errors="0" timestamp="2023-09-14T19:15:13 IST" skipped="0">
  <testcase classname="com.GuestUserWith_Checkout_Paypal.tc__ShippingAndBillingAddressDiffer_InCheckoutPaypal" name="shippingAndBillingAddressDiffer_Guest" time="56.618"/>
  <system-out/>
</testsuite> <!-- com.GuestUserWith_Checkout_Paypal.tc__ShippingAndBillingAddressDiffer_InCheckoutPaypal -->
