<?xml version="1.0" encoding="UTF-8"?>
<!-- Generated by org.testng.reporters.JUnitReportReporter -->
<testsuite hostname="DESKTOP-P9MM3AH" failures="0" tests="8" name="com.providio.testcases.tc__LoginSc" time="166.478" errors="0" timestamp="2023-09-12T18:47:03 IST" skipped="0">
  <testcase classname="com.providio.testcases.tc__LoginSc" name="verifyLoginFailureWithEmptyEmail" time="26.472"/>
  <system-out/>
  <testcase classname="com.providio.testcases.tc__LoginSc" name="verifyLoginFailureWithEmptyEmailAndPassword" time="24.539"/>
  <system-out/>
  <testcase classname="com.providio.testcases.tc__LoginSc" name="verifyLoginFailureWithEmptyPassword" time="21.421"/>
  <system-out/>
  <testcase classname="com.providio.testcases.tc__LoginSc" name="openBrowserandClickSignInButton" time="9.080"/>
  <system-out/>
  <testcase classname="com.providio.testcases.tc__LoginSc" name="verifyLoginFailureWithIncorrectCredentials" time="21.774"/>
  <system-out/>
  <testcase classname="com.providio.testcases.tc__LoginSc" name="verifyLoginFailureWithIncorrectPassword" time="19.956"/>
  <system-out/>
  <testcase classname="com.providio.testcases.tc__LoginSc" name="verifyLoginFailureWithInvalidEmailFormat" time="21.654"/>
  <system-out/>
  <testcase classname="com.providio.testcases.tc__LoginSc" name="verifySuccessfulLogin" time="21.582"/>
  <system-out/>
</testsuite> <!-- com.providio.testcases.tc__LoginSc -->
