<?xml version="1.0" encoding="UTF-8"?>
<!-- Generated by org.testng.reporters.JUnitReportReporter -->
<testsuite hostname="DESKTOP-CPG5TUI" failures="0" tests="1" name="com.GuestUserWith_ViewCart_Paypal.tc__BundleProductForGuestUser_InVC_Paypal" time="118.756" errors="0" timestamp="2023-09-14T16:17:46 IST" skipped="0">
  <testcase classname="com.GuestUserWith_ViewCart_Paypal.tc__BundleProductForGuestUser_InVC_Paypal" name="bundleProduct" time="118.756"/>
  <system-out/>
</testsuite> <!-- com.GuestUserWith_ViewCart_Paypal.tc__BundleProductForGuestUser_InVC_Paypal -->
