<?xml version="1.0" encoding="UTF-8"?>
<!-- Generated by org.testng.reporters.JUnitReportReporter -->
<testsuite hostname="DESKTOP-CPG5TUI" failures="0" tests="1" name="com.GuestUserWith_GcAndCC.tc__simpleProductAndGc_InCcAndGc" time="103.982" errors="0" timestamp="2023-09-14T16:17:46 IST" skipped="0">
  <testcase classname="com.GuestUserWith_GcAndCC.tc__simpleProductAndGc_InCcAndGc" name="simpleProduct_Gc" time="103.982"/>
  <system-out/>
</testsuite> <!-- com.GuestUserWith_GcAndCC.tc__simpleProductAndGc_InCcAndGc -->
