<?xml version="1.0" encoding="UTF-8"?>
<!-- Generated by org.testng.reporters.JUnitReportReporter -->
<testsuite hostname="DESKTOP-CPG5TUI" failures="0" tests="1" name="com.RegUserWith_GcAndCC.tc__PdpPagewith_Reg_User_InGcAndCC" time="138.141" errors="0" timestamp="2023-09-13T20:07:32 IST" skipped="0">
  <testcase classname="com.RegUserWith_GcAndCC.tc__PdpPagewith_Reg_User_InGcAndCC" name="PDPpage" time="138.141"/>
  <system-out/>
</testsuite> <!-- com.RegUserWith_GcAndCC.tc__PdpPagewith_Reg_User_InGcAndCC -->
