<?xml version="1.0" encoding="UTF-8"?>
<!-- Generated by org.testng.reporters.JUnitReportReporter -->
<testsuite hostname="DESKTOP-CPG5TUI" failures="0" tests="1" name="com.RegUserWith_MiniCart_Paypal.tc__ProductSetForReg_InMC_Paypal" time="31.109" errors="0" timestamp="2023-09-13T15:02:18 IST" skipped="0">
  <testcase classname="com.RegUserWith_MiniCart_Paypal.tc__ProductSetForReg_InMC_Paypal" name="productSet" time="31.109"/>
  <system-out/>
</testsuite> <!-- com.RegUserWith_MiniCart_Paypal.tc__ProductSetForReg_InMC_Paypal -->
