<?xml version="1.0" encoding="UTF-8"?>
<!-- Generated by org.testng.reporters.JUnitReportReporter -->
<testsuite hostname="DESKTOP-CPG5TUI" failures="0" tests="1" name="zcom.LogOut.tc__LogOut" time="25.238" errors="0" timestamp="2023-09-20T16:14:51 IST" skipped="0">
  <testcase classname="zcom.LogOut.tc__LogOut" name="Logout" time="25.238"/>
  <system-out/>
</testsuite> <!-- zcom.LogOut.tc__LogOut -->
