<?xml version="1.0" encoding="UTF-8"?>
<!-- Generated by org.testng.reporters.JUnitReportReporter -->
<testsuite hostname="DESKTOP-CPG5TUI" failures="0" tests="1" name="com.GuestUserWith_GcAndPaypal.tc__ProductSetForGuestUser_InGcAndPaypal" time="35.438" errors="0" timestamp="2023-09-14T16:17:46 IST" skipped="0">
  <testcase classname="com.GuestUserWith_GcAndPaypal.tc__ProductSetForGuestUser_InGcAndPaypal" name="productSet" time="35.438"/>
  <system-out/>
</testsuite> <!-- com.GuestUserWith_GcAndPaypal.tc__ProductSetForGuestUser_InGcAndPaypal -->
