<?xml version="1.0" encoding="UTF-8"?>
<!-- Generated by org.testng.reporters.JUnitReportReporter -->
<testsuite hostname="DESKTOP-CPG5TUI" failures="0" tests="1" name="com.GuestUserWith_GiftCard.tc__BundleProductForGuestUser_InGiftCard" time="169.232" errors="0" timestamp="2023-09-21T09:31:37 IST" skipped="0">
  <testcase classname="com.GuestUserWith_GiftCard.tc__BundleProductForGuestUser_InGiftCard" name="bundleProduct" time="169.232"/>
  <system-out/>
</testsuite> <!-- com.GuestUserWith_GiftCard.tc__BundleProductForGuestUser_InGiftCard -->
