<?xml version="1.0" encoding="UTF-8"?>
<!-- Generated by org.testng.reporters.JUnitReportReporter -->
<testsuite hostname="DESKTOP-CPG5TUI" failures="0" tests="1" name="com.providio.testcases.tc__ProfilePage" time="132.178" errors="0" timestamp="2023-09-25T12:55:49 IST" skipped="0">
  <testcase classname="com.providio.testcases.tc__ProfilePage" name="profilePage" time="132.178"/>
  <system-out/>
</testsuite> <!-- com.providio.testcases.tc__ProfilePage -->
