<?xml version="1.0" encoding="UTF-8"?>
<!-- Generated by org.testng.reporters.JUnitReportReporter -->
<testsuite hostname="DESKTOP-CPG5TUI" failures="0" tests="1" name="com.RegUserWith_Checkout_Paypal.tc__Bundle_GcAndAllPromotions_Reg_InCheckoutPaypal" time="121.241" errors="0" timestamp="2023-09-22T18:38:03 IST" skipped="0">
  <testcase classname="com.RegUserWith_Checkout_Paypal.tc__Bundle_GcAndAllPromotions_Reg_InCheckoutPaypal" name="bundle_GcAndAllPromotions" time="121.241"/>
  <system-out/>
</testsuite> <!-- com.RegUserWith_Checkout_Paypal.tc__Bundle_GcAndAllPromotions_Reg_InCheckoutPaypal -->
