<?xml version="1.0" encoding="UTF-8"?>
<!-- Generated by org.testng.reporters.JUnitReportReporter -->
<testsuite hostname="DESKTOP-CPG5TUI" failures="0" tests="1" name="com.GuestUserWith_CreditCard.tc__SimpleProductsAndBundle_Gc_InCC" time="164.907" errors="0" timestamp="2023-09-26T13:48:23 IST" skipped="0">
  <testcase classname="com.GuestUserWith_CreditCard.tc__SimpleProductsAndBundle_Gc_InCC" name="simpleProducts_Bundle_Gc" time="164.907"/>
  <system-out/>
</testsuite> <!-- com.GuestUserWith_CreditCard.tc__SimpleProductsAndBundle_Gc_InCC -->
