<?xml version="1.0" encoding="UTF-8"?>
<!-- Generated by org.testng.reporters.JUnitReportReporter -->
<testsuite hostname="DESKTOP-CPG5TUI" failures="0" tests="1" name="com.RegUserWith_MiniCart_Paypal.tc__ShippingAndBillingAddressDiffer_Reg_InMC_Paypal" time="53.316" errors="0" timestamp="2023-09-13T16:14:15 IST" skipped="0">
  <testcase classname="com.RegUserWith_MiniCart_Paypal.tc__ShippingAndBillingAddressDiffer_Reg_InMC_Paypal" name="shippingAndBillingAddressDiffer_Guest" time="53.316"/>
  <system-out/>
</testsuite> <!-- com.RegUserWith_MiniCart_Paypal.tc__ShippingAndBillingAddressDiffer_Reg_InMC_Paypal -->
