<?xml version="1.0" encoding="UTF-8"?>
<!-- Generated by org.testng.reporters.JUnitReportReporter -->
<testsuite hostname="DESKTOP-CPG5TUI" failures="0" tests="1" name="com.GuestUserWith_GiftCard.tc__OrderByGc_GuestUser" time="126.826" errors="0" timestamp="2023-09-21T17:54:02 IST" skipped="0">
  <testcase classname="com.GuestUserWith_GiftCard.tc__OrderByGc_GuestUser" name="paymentByGiftCardInGuestUser" time="126.826"/>
  <system-out/>
</testsuite> <!-- com.GuestUserWith_GiftCard.tc__OrderByGc_GuestUser -->
