<?xml version="1.0" encoding="UTF-8"?>
<!-- Generated by org.testng.reporters.JUnitReportReporter -->
<testsuite hostname="DESKTOP-CPG5TUI" failures="0" tests="1" name="com.RegUserWith_ViewCart_Paypal.tc__BySearchingProduct_Reg_InVC_Paypal" time="74.397" errors="0" timestamp="2023-09-13T21:17:33 IST" skipped="0">
  <testcase classname="com.RegUserWith_ViewCart_Paypal.tc__BySearchingProduct_Reg_InVC_Paypal" name="bySearchingProduct" time="74.397"/>
  <system-out/>
</testsuite> <!-- com.RegUserWith_ViewCart_Paypal.tc__BySearchingProduct_Reg_InVC_Paypal -->
