<?xml version="1.0" encoding="UTF-8"?>
<!-- Generated by org.testng.reporters.JUnitReportReporter -->
<testsuite hostname="DESKTOP-CPG5TUI" failures="0" tests="1" name="z.Z" time="14.827" errors="0" timestamp="2023-09-20T16:55:14 IST" skipped="0">
  <testcase classname="z.Z" name="Logout" time="14.827"/>
  <system-out/>
</testsuite> <!-- z.Z -->
