<?xml version="1.0" encoding="UTF-8"?>
<!-- Generated by org.testng.reporters.JUnitReportReporter -->
<testsuite hostname="DESKTOP-CPG5TUI" failures="0" tests="1" name="com.Z_LogOut.Z_tc__LogOut" time="14.805" errors="0" timestamp="2023-09-20T16:39:05 IST" skipped="0">
  <testcase classname="com.Z_LogOut.Z_tc__LogOut" name="Logout" time="14.805"/>
  <system-out/>
</testsuite> <!-- com.Z_LogOut.Z_tc__LogOut -->
