<?xml version="1.0" encoding="UTF-8"?>
<!-- Generated by org.testng.reporters.JUnitReportReporter -->
<testsuite hostname="DESKTOP-CPG5TUI" failures="0" tests="1" name="com.RegUserWith_GiftCard.tc__BundleProductForReg_InGc" time="68.923" errors="0" timestamp="2023-09-19T19:26:36 IST" skipped="0">
  <testcase classname="com.RegUserWith_GiftCard.tc__BundleProductForReg_InGc" name="bundleProduct" time="68.923"/>
  <system-out/>
</testsuite> <!-- com.RegUserWith_GiftCard.tc__BundleProductForReg_InGc -->
