<?xml version="1.0" encoding="UTF-8"?>
<!-- Generated by org.testng.reporters.JUnitReportReporter -->
<testsuite hostname="DESKTOP-CPG5TUI" failures="0" tests="1" name="zcom.Z_LogOut.Z_tc__LogOut" time="16.711" errors="0" timestamp="2023-09-20T16:48:17 IST" skipped="0">
  <testcase classname="zcom.Z_LogOut.Z_tc__LogOut" name="ZLogout" time="16.711"/>
  <system-out/>
</testsuite> <!-- zcom.Z_LogOut.Z_tc__LogOut -->
