<?xml version="1.0" encoding="UTF-8"?>
<!-- Generated by org.testng.reporters.JUnitReportReporter -->
<testsuite hostname="DESKTOP-CPG5TUI" failures="0" tests="1" name="com.RegUserWith_CreditCard.tc__BundleProductRegUser_InCC" time="102.890" errors="0" timestamp="2023-09-13T20:07:32 IST" skipped="0">
  <testcase classname="com.RegUserWith_CreditCard.tc__BundleProductRegUser_InCC" name="bundleProduct" time="102.890"/>
  <system-out/>
</testsuite> <!-- com.RegUserWith_CreditCard.tc__BundleProductRegUser_InCC -->
