<?xml version="1.0" encoding="UTF-8"?>
<!-- Generated by org.testng.reporters.JUnitReportReporter -->
<testsuite hostname="DESKTOP-CPG5TUI" failures="0" tests="1" name="com.Z_LogOut.tc__LogOut" time="14.594" errors="0" timestamp="2023-09-20T16:32:52 IST" skipped="0">
  <testcase classname="com.Z_LogOut.tc__LogOut" name="Logout" time="14.594"/>
  <system-out/>
</testsuite> <!-- com.Z_LogOut.tc__LogOut -->
