<?xml version="1.0" encoding="UTF-8"?>
<!-- Generated by org.testng.reporters.JUnitReportReporter -->
<testsuite hostname="DESKTOP-CPG5TUI" failures="0" tests="1" name="com.GuestUserWith_Minicart_Paypal.tc__SimpleProductsAndBundle_Gc_InMC_Paypal" time="125.952" errors="0" timestamp="2023-09-26T13:48:23 IST" skipped="0">
  <testcase classname="com.GuestUserWith_Minicart_Paypal.tc__SimpleProductsAndBundle_Gc_InMC_Paypal" name="simpleProducts_Bundle_Gc" time="125.952"/>
  <system-out/>
</testsuite> <!-- com.GuestUserWith_Minicart_Paypal.tc__SimpleProductsAndBundle_Gc_InMC_Paypal -->
