<?xml version="1.0" encoding="UTF-8"?>
<!-- Generated by org.testng.reporters.JUnitReportReporter -->
<testsuite hostname="DESKTOP-CPG5TUI" failures="0" tests="1" name="com.GuestUserWith_Checkout_Paypal.tc__SimpleProductForGuestUser_InPaypal" time="130.529" errors="0" timestamp="2023-09-26T13:48:23 IST" skipped="0">
  <testcase classname="com.GuestUserWith_Checkout_Paypal.tc__SimpleProductForGuestUser_InPaypal" name="simpleProduct" time="130.529"/>
  <system-out/>
</testsuite> <!-- com.GuestUserWith_Checkout_Paypal.tc__SimpleProductForGuestUser_InPaypal -->
