<?xml version="1.0" encoding="UTF-8"?>
<!-- Generated by org.testng.reporters.JUnitReportReporter -->
<testsuite hostname="DESKTOP-CPG5TUI" failures="0" tests="1" name="com.RegUserWith_CreditCard.tc__BySearchingProduct_RegUser_InCC" time="80.494" errors="0" timestamp="2023-09-20T19:06:51 IST" skipped="0">
  <testcase classname="com.RegUserWith_CreditCard.tc__BySearchingProduct_RegUser_InCC" name="bySearchingProduct" time="80.494"/>
  <system-out/>
</testsuite> <!-- com.RegUserWith_CreditCard.tc__BySearchingProduct_RegUser_InCC -->
