<?xml version="1.0" encoding="UTF-8"?>
<!-- Generated by org.testng.reporters.JUnitReportReporter -->
<testsuite hostname="DESKTOP-CPG5TUI" failures="0" tests="1" name="com.RegUserWith_GcAndPaypal.tc__OnlyGiftCards_Reg_InGcAndPaypal" time="95.741" errors="0" timestamp="2023-09-22T12:01:30 IST" skipped="0">
  <testcase classname="com.RegUserWith_GcAndPaypal.tc__OnlyGiftCards_Reg_InGcAndPaypal" name="OnlyGiftCards" time="95.741"/>
  <system-out/>
</testsuite> <!-- com.RegUserWith_GcAndPaypal.tc__OnlyGiftCards_Reg_InGcAndPaypal -->
