<?xml version="1.0" encoding="UTF-8"?>
<!-- Generated by org.testng.reporters.JUnitReportReporter -->
<testsuite hostname="DESKTOP-CPG5TUI" failures="0" tests="1" name="com.RegUserWith_GcAndCC.tc__PickUpStore_Guest_Checkout_InGcAndCc" time="146.634" errors="0" timestamp="2023-09-13T20:07:32 IST" skipped="0">
  <testcase classname="com.RegUserWith_GcAndCC.tc__PickUpStore_Guest_Checkout_InGcAndCc" name="paypalFromCheckoutPage" time="146.634"/>
  <system-out/>
</testsuite> <!-- com.RegUserWith_GcAndCC.tc__PickUpStore_Guest_Checkout_InGcAndCc -->
