<?xml version="1.0" encoding="UTF-8"?>
<!-- Generated by org.testng.reporters.JUnitReportReporter -->
<testsuite hostname="DESKTOP-CPG5TUI" failures="0" tests="1" name="com.RegUserWith_GiftCard.tc__VariationProductReg_InGc" time="126.882" errors="0" timestamp="2023-09-22T18:38:03 IST" skipped="0">
  <testcase classname="com.RegUserWith_GiftCard.tc__VariationProductReg_InGc" name="variationProduct" time="126.882"/>
  <system-out/>
</testsuite> <!-- com.RegUserWith_GiftCard.tc__VariationProductReg_InGc -->
