<?xml version="1.0" encoding="UTF-8"?>
<!-- Generated by org.testng.reporters.JUnitReportReporter -->
<testsuite hostname="DESKTOP-CPG5TUI" failures="0" tests="1" name="com.GuestUserWith_GcAndCC.tc__VariationProductForGuestUser_InGcAndCc" time="116.954" errors="0" timestamp="2023-09-26T13:48:23 IST" skipped="0">
  <testcase classname="com.GuestUserWith_GcAndCC.tc__VariationProductForGuestUser_InGcAndCc" name="variationProduct" time="116.954"/>
  <system-out/>
</testsuite> <!-- com.GuestUserWith_GcAndCC.tc__VariationProductForGuestUser_InGcAndCc -->
