<?xml version="1.0" encoding="UTF-8"?>
<!-- Generated by org.testng.reporters.JUnitReportReporter -->
<testsuite hostname="DESKTOP-CPG5TUI" failures="0" tests="1" name="com.RegUserWith_GcAndCC.tc__OnlyGiftCards_Reg_InGcAndCC" time="75.647" errors="0" timestamp="2023-09-22T10:05:23 IST" skipped="0">
  <testcase classname="com.RegUserWith_GcAndCC.tc__OnlyGiftCards_Reg_InGcAndCC" name="OnlyGiftCards" time="75.647"/>
  <system-out/>
</testsuite> <!-- com.RegUserWith_GcAndCC.tc__OnlyGiftCards_Reg_InGcAndCC -->
