<?xml version="1.0" encoding="UTF-8"?>
<!-- Generated by org.testng.reporters.JUnitReportReporter -->
<testsuite hostname="DESKTOP-CPG5TUI" failures="0" tests="1" name="com.GuestUserWith_GcAndCC.tc__BundleProductForGuestUser_InGcAndCc" time="163.509" errors="0" timestamp="2023-09-26T13:48:23 IST" skipped="0">
  <testcase classname="com.GuestUserWith_GcAndCC.tc__BundleProductForGuestUser_InGcAndCc" name="bundleProduct" time="163.509"/>
  <system-out/>
</testsuite> <!-- com.GuestUserWith_GcAndCC.tc__BundleProductForGuestUser_InGcAndCc -->
