<?xml version="1.0" encoding="UTF-8"?>
<!-- Generated by org.testng.reporters.JUnitReportReporter -->
<testsuite hostname="DESKTOP-CPG5TUI" failures="0" tests="1" name="com.providio.testcases.tc__By_BuyNow_Button" time="15.946" errors="0" timestamp="2023-09-25T19:38:42 IST" skipped="0">
  <testcase classname="com.providio.testcases.tc__By_BuyNow_Button" name="byNowButton" time="15.946"/>
  <system-out/>
</testsuite> <!-- com.providio.testcases.tc__By_BuyNow_Button -->
