<?xml version="1.0" encoding="UTF-8"?>
<!-- Generated by org.testng.reporters.JUnitReportReporter -->
<testsuite hostname="DESKTOP-CPG5TUI" failures="0" tests="1" name="com.GuestUserWith_GiftCard.tc__simpleProductAndGc_InGiftCard" time="91.511" errors="0" timestamp="2023-09-14T19:15:13 IST" skipped="0">
  <testcase classname="com.GuestUserWith_GiftCard.tc__simpleProductAndGc_InGiftCard" name="simpleProduct_Gc" time="91.511"/>
  <system-out/>
</testsuite> <!-- com.GuestUserWith_GiftCard.tc__simpleProductAndGc_InGiftCard -->
