<?xml version="1.0" encoding="UTF-8"?>
<!-- Generated by org.testng.reporters.JUnitReportReporter -->
<testsuite hostname="DESKTOP-P9MM3AH" failures="0" tests="1" name="com.GuestUserWith_Minicart_Paypal.tc__PaypalCheckout_MiniCart_GuestUser" time="106.280" errors="0" timestamp="2023-09-13T10:26:26 IST" skipped="0">
  <testcase classname="com.GuestUserWith_Minicart_Paypal.tc__PaypalCheckout_MiniCart_GuestUser" name="paypalCheckout_MiniCart" time="106.280"/>
  <system-out/>
</testsuite> <!-- com.GuestUserWith_Minicart_Paypal.tc__PaypalCheckout_MiniCart_GuestUser -->
