<?xml version="1.0" encoding="UTF-8"?>
<!-- Generated by org.testng.reporters.JUnitReportReporter -->
<testsuite hostname="DESKTOP-CPG5TUI" failures="0" tests="1" name="com.RegUserWith_GcAndPaypal.tc__Bundle_GcAndAllPromotions_Reg_InGcAndPaypal" time="141.828" errors="0" timestamp="2023-09-26T10:36:35 IST" skipped="0">
  <testcase classname="com.RegUserWith_GcAndPaypal.tc__Bundle_GcAndAllPromotions_Reg_InGcAndPaypal" name="bundle_GcAndAllPromotions" time="141.828"/>
  <system-out/>
</testsuite> <!-- com.RegUserWith_GcAndPaypal.tc__Bundle_GcAndAllPromotions_Reg_InGcAndPaypal -->
