<?xml version="1.0" encoding="UTF-8"?>
<!-- Generated by org.testng.reporters.JUnitReportReporter -->
<testsuite hostname="DESKTOP-CPG5TUI" failures="0" tests="1" name="com.RegUserWith_GcAndCC.tc__OrderByGCandCC_RegUser" time="7.271" errors="0" timestamp="2023-09-15T14:15:03 IST" skipped="0">
  <testcase classname="com.RegUserWith_GcAndCC.tc__OrderByGCandCC_RegUser" name="paypalFromCheckoutPage" time="7.271"/>
  <system-out/>
</testsuite> <!-- com.RegUserWith_GcAndCC.tc__OrderByGCandCC_RegUser -->
