<?xml version="1.0" encoding="UTF-8"?>
<!-- Generated by org.testng.reporters.JUnitReportReporter -->
<testsuite hostname="DESKTOP-CPG5TUI" failures="0" tests="1" name="asdsd" time="63.173" errors="0" timestamp="2023-09-21T21:13:39 IST" skipped="0">
  <testcase classname="asdsd" name="demo" time="63.173"/>
  <system-out/>
</testsuite> <!-- asdsd -->
